<?xml version="1.0" encoding="UTF-8"?>
<!-- Generated by org.testng.reporters.JUnitXMLReporter -->
<testsuite hostname="Anups-MacBook-Pro.local" ignored="0" name="Bank App Test" tests="6" failures="3" timestamp="11 Apr 2020 05:24:42 GMT" time="40.196" errors="0">
  <testcase name="loginTest" time="1.572" classname="com.qa.TestCases.TC_LoginTest_001">
    <failure type="org.openqa.selenium.NoAlertPresentException" message="no such alert
  (Session info: chrome=80.0.3987.163)
Build info: version: &amp;apos;3.5.3&amp;apos;, revision: &amp;apos;a88d25fe6b&amp;apos;, time: &amp;apos;2017-08-29T12:42:44.417Z&amp;apos;
System info: host: &amp;apos;Anups-MacBook-Pro.local&amp;apos;, ip: &amp;apos;192.168.0.103&amp;apos;, os.name: &amp;apos;Mac OS X&amp;apos;, os.arch: &amp;apos;x86_64&amp;apos;, os.version: &amp;apos;10.14.6&amp;apos;, java.version: &amp;apos;1.8.0_181&amp;apos;
Driver info: org.openqa.selenium.chrome.ChromeDriver
Capabilities [{networkConnectionEnabled=false, chrome={chromedriverVersion=80.0.3987.106 (f68069574609230cf9b635cd784cfb1bf81bb53a-refs/branch-heads/3987@{#882}), userDataDir=/var/folders/xt/40gbcj9d3q18xdztl_wgzhlr0000gn/T/.com.google.Chrome.xdou9G}, timeouts={implicit=0, pageLoad=300000, script=30000}, pageLoadStrategy=normal, unhandledPromptBehavior=dismiss and notify, strictFileInteractability=false, platform=MAC, proxy=Proxy(), goog:chromeOptions={debuggerAddress=localhost:50011}, acceptInsecureCerts=false, browserVersion=80.0.3987.163, browserName=chrome, javascriptEnabled=true, platformName=MAC, setWindowRect=true}]
Session ID: df4a42b82b35222c44542a8d76f115cc">
      <![CDATA[org.openqa.selenium.NoAlertPresentException: no such alert
  (Session info: chrome=80.0.3987.163)
Build info: version: '3.5.3', revision: 'a88d25fe6b', time: '2017-08-29T12:42:44.417Z'
System info: host: 'Anups-MacBook-Pro.local', ip: '192.168.0.103', os.name: 'Mac OS X', os.arch: 'x86_64', os.version: '10.14.6', java.version: '1.8.0_181'
Driver info: org.openqa.selenium.chrome.ChromeDriver
Capabilities [{networkConnectionEnabled=false, chrome={chromedriverVersion=80.0.3987.106 (f68069574609230cf9b635cd784cfb1bf81bb53a-refs/branch-heads/3987@{#882}), userDataDir=/var/folders/xt/40gbcj9d3q18xdztl_wgzhlr0000gn/T/.com.google.Chrome.xdou9G}, timeouts={implicit=0, pageLoad=300000, script=30000}, pageLoadStrategy=normal, unhandledPromptBehavior=dismiss and notify, strictFileInteractability=false, platform=MAC, proxy=Proxy(), goog:chromeOptions={debuggerAddress=localhost:50011}, acceptInsecureCerts=false, browserVersion=80.0.3987.163, browserName=chrome, javascriptEnabled=true, platformName=MAC, setWindowRect=true}]
Session ID: df4a42b82b35222c44542a8d76f115cc
at org.openqa.selenium.remote.http.W3CHttpResponseCodec.createException(W3CHttpResponseCodec.java:185)
at org.openqa.selenium.remote.http.W3CHttpResponseCodec.decode(W3CHttpResponseCodec.java:120)
at org.openqa.selenium.remote.http.W3CHttpResponseCodec.decode(W3CHttpResponseCodec.java:49)
at org.openqa.selenium.remote.HttpCommandExecutor.execute(HttpCommandExecutor.java:164)
at org.openqa.selenium.remote.service.DriverCommandExecutor.execute(DriverCommandExecutor.java:82)
at org.openqa.selenium.remote.RemoteWebDriver.execute(RemoteWebDriver.java:646)
at org.openqa.selenium.remote.RemoteWebDriver.execute(RemoteWebDriver.java:703)
at org.openqa.selenium.remote.RemoteWebDriver$RemoteTargetLocator.alert(RemoteWebDriver.java:1029)
at com.qa.TestCases.TC_LoginTest_001.loginTest(TC_LoginTest_001.java:38)
... Removed 29 stack frames]]>
    </failure>
  </testcase> <!-- loginTest -->
  <testcase name="AddnewCustomerPageTest" time="10.989" classname="com.qa.TestCases.TC_AddCustomerTest_003"/>
  <testcase name="validateSuccessPage" time="1.656" classname="com.qa.TestCases.TC_NewCustomerSuccesPage_004">
    <failure type="java.lang.NullPointerException">
      <![CDATA[java.lang.NullPointerException
at com.qa.TestCases.TC_NewCustomerSuccesPage_004.validateSuccessPage(TC_NewCustomerSuccesPage_004.java:33)
... Removed 25 stack frames]]>
    </failure>
  </testcase> <!-- validateSuccessPage -->
  <testcase name="ClickonEditCustomerTab" time="2.658" classname="com.qa.TestCases.TC_EditCustomerTest"/>
  <testcase name="clickonSubmitbutton" time="0.104" classname="com.qa.TestCases.TC_EditCustomerTest"/>
  <testcase name="getEditCustomerId" time="0.022" classname="com.qa.TestCases.TC_EditCustomerTest">
    <failure type="org.openqa.selenium.UnhandledAlertException" message="unexpected alert open: {Alert text : Please fill all fields}
  (Session info: chrome=80.0.3987.163): Please fill all fields
Build info: version: &amp;apos;3.5.3&amp;apos;, revision: &amp;apos;a88d25fe6b&amp;apos;, time: &amp;apos;2017-08-29T12:42:44.417Z&amp;apos;
System info: host: &amp;apos;Anups-MacBook-Pro.local&amp;apos;, ip: &amp;apos;192.168.0.103&amp;apos;, os.name: &amp;apos;Mac OS X&amp;apos;, os.arch: &amp;apos;x86_64&amp;apos;, os.version: &amp;apos;10.14.6&amp;apos;, java.version: &amp;apos;1.8.0_181&amp;apos;
Driver info: org.openqa.selenium.chrome.ChromeDriver
Capabilities [{networkConnectionEnabled=false, chrome={chromedriverVersion=80.0.3987.106 (f68069574609230cf9b635cd784cfb1bf81bb53a-refs/branch-heads/3987@{#882}), userDataDir=/var/folders/xt/40gbcj9d3q18xdztl_wgzhlr0000gn/T/.com.google.Chrome.y8ZZKs}, timeouts={implicit=0, pageLoad=300000, script=30000}, pageLoadStrategy=normal, unhandledPromptBehavior=dismiss and notify, strictFileInteractability=false, platform=MAC, proxy=Proxy(), goog:chromeOptions={debuggerAddress=localhost:50334}, acceptInsecureCerts=false, browserVersion=80.0.3987.163, browserName=chrome, javascriptEnabled=true, platformName=MAC, setWindowRect=true}]
Session ID: 7596ad403aa6ba3133d255bb265b90c5
*** Element info: {Using=xpath, value=//input[@name=&amp;apos;cusid&amp;apos;]}">
      <![CDATA[org.openqa.selenium.UnhandledAlertException: unexpected alert open: {Alert text : Please fill all fields}
  (Session info: chrome=80.0.3987.163): Please fill all fields
Build info: version: '3.5.3', revision: 'a88d25fe6b', time: '2017-08-29T12:42:44.417Z'
System info: host: 'Anups-MacBook-Pro.local', ip: '192.168.0.103', os.name: 'Mac OS X', os.arch: 'x86_64', os.version: '10.14.6', java.version: '1.8.0_181'
Driver info: org.openqa.selenium.chrome.ChromeDriver
Capabilities [{networkConnectionEnabled=false, chrome={chromedriverVersion=80.0.3987.106 (f68069574609230cf9b635cd784cfb1bf81bb53a-refs/branch-heads/3987@{#882}), userDataDir=/var/folders/xt/40gbcj9d3q18xdztl_wgzhlr0000gn/T/.com.google.Chrome.y8ZZKs}, timeouts={implicit=0, pageLoad=300000, script=30000}, pageLoadStrategy=normal, unhandledPromptBehavior=dismiss and notify, strictFileInteractability=false, platform=MAC, proxy=Proxy(), goog:chromeOptions={debuggerAddress=localhost:50334}, acceptInsecureCerts=false, browserVersion=80.0.3987.163, browserName=chrome, javascriptEnabled=true, platformName=MAC, setWindowRect=true}]
Session ID: 7596ad403aa6ba3133d255bb265b90c5
*** Element info: {Using=xpath, value=//input[@name='cusid']}
at org.openqa.selenium.remote.http.W3CHttpResponseCodec.decode(W3CHttpResponseCodec.java:118)
at org.openqa.selenium.remote.http.W3CHttpResponseCodec.decode(W3CHttpResponseCodec.java:49)
at org.openqa.selenium.remote.HttpCommandExecutor.execute(HttpCommandExecutor.java:164)
at org.openqa.selenium.remote.service.DriverCommandExecutor.execute(DriverCommandExecutor.java:82)
at org.openqa.selenium.remote.RemoteWebDriver.execute(RemoteWebDriver.java:646)
at org.openqa.selenium.remote.RemoteWebDriver.findElement(RemoteWebDriver.java:416)
at org.openqa.selenium.remote.RemoteWebDriver.findElementByXPath(RemoteWebDriver.java:518)
at org.openqa.selenium.By$ByXPath.findElement(By.java:361)
at org.openqa.selenium.remote.RemoteWebDriver.findElement(RemoteWebDriver.java:408)
at org.openqa.selenium.support.pagefactory.DefaultElementLocator.findElement(DefaultElementLocator.java:69)
at org.openqa.selenium.support.pagefactory.internal.LocatingElementHandler.invoke(LocatingElementHandler.java:38)
at com.sun.proxy.$Proxy10.getText(Unknown Source)
at com.qa.PageObject.EditCustomerPage.getEditCustomerID(EditCustomerPage.java:30)
at com.qa.TestCases.TC_EditCustomerTest.getEditCustomerId(TC_EditCustomerTest.java:43)
... Removed 25 stack frames]]>
    </failure>
  </testcase> <!-- getEditCustomerId -->
</testsuite> <!-- Bank App Test -->
