<?xml version="1.0" encoding="UTF-8"?>
<testng-results skipped="0" failed="1" ignored="0" total="3" passed="2">
  <reporter-output>
  </reporter-output>
  <suite name="Inetbanking" duration-ms="39724" started-at="2018-09-08T06:57:20Z" finished-at="2018-09-08T06:57:59Z">
    <groups>
    </groups>
    <test name="Bank App Test" duration-ms="39724" started-at="2018-09-08T06:57:20Z" finished-at="2018-09-08T06:57:59Z">
      <class name="com.qa.TestCases.TC_LoginTest_001">
        <test-method status="PASS" signature="Setup(java.lang.String)[pri:0, instance:com.qa.TestCases.TC_LoginTest_001@8e24743]" name="Setup" is-config="true" duration-ms="8578" started-at="2018-09-08T06:57:20Z" finished-at="2018-09-08T06:57:28Z">
          <params>
            <param index="0">
              <value>
                <![CDATA[chrome]]>
              </value>
            </param>
          </params>
          <reporter-output>
          </reporter-output>
        </test-method> <!-- Setup -->
        <test-method status="PASS" signature="loginTest()[pri:0, instance:com.qa.TestCases.TC_LoginTest_001@8e24743]" name="loginTest" duration-ms="2757" started-at="2018-09-08T06:57:28Z" finished-at="2018-09-08T06:57:31Z">
          <reporter-output>
          </reporter-output>
        </test-method> <!-- loginTest -->
        <test-method status="PASS" signature="tearDown()[pri:0, instance:com.qa.TestCases.TC_LoginTest_001@8e24743]" name="tearDown" is-config="true" duration-ms="101" started-at="2018-09-08T06:57:31Z" finished-at="2018-09-08T06:57:31Z">
          <reporter-output>
          </reporter-output>
        </test-method> <!-- tearDown -->
      </class> <!-- com.qa.TestCases.TC_LoginTest_001 -->
      <class name="com.qa.TestCases.TC_NewCustomerSuccesPage_004">
        <test-method status="PASS" signature="Setup(java.lang.String)[pri:0, instance:com.qa.TestCases.TC_NewCustomerSuccesPage_004@23fe1d71]" name="Setup" is-config="true" duration-ms="7016" started-at="2018-09-08T06:57:49Z" finished-at="2018-09-08T06:57:56Z">
          <params>
            <param index="0">
              <value>
                <![CDATA[chrome]]>
              </value>
            </param>
          </params>
          <reporter-output>
          </reporter-output>
        </test-method> <!-- Setup -->
        <test-method status="FAIL" signature="validateSuccessPage()[pri:0, instance:com.qa.TestCases.TC_NewCustomerSuccesPage_004@23fe1d71]" name="validateSuccessPage" duration-ms="3737" started-at="2018-09-08T06:57:56Z" finished-at="2018-09-08T06:57:59Z">
          <exception class="java.lang.NullPointerException">
            <full-stacktrace>
              <![CDATA[java.lang.NullPointerException
at com.qa.TestCases.TC_NewCustomerSuccesPage_004.validateSuccessPage(TC_NewCustomerSuccesPage_004.java:33)
at sun.reflect.NativeMethodAccessorImpl.invoke0(Native Method)
at sun.reflect.NativeMethodAccessorImpl.invoke(NativeMethodAccessorImpl.java:62)
at sun.reflect.DelegatingMethodAccessorImpl.invoke(DelegatingMethodAccessorImpl.java:43)
at java.lang.reflect.Method.invoke(Method.java:498)
at org.testng.internal.MethodInvocationHelper.invokeMethod(MethodInvocationHelper.java:124)
at org.testng.internal.Invoker.invokeMethod(Invoker.java:580)
at org.testng.internal.Invoker.invokeTestMethod(Invoker.java:716)
at org.testng.internal.Invoker.invokeTestMethods(Invoker.java:988)
at org.testng.internal.TestMethodWorker.invokeTestMethods(TestMethodWorker.java:125)
at org.testng.internal.TestMethodWorker.run(TestMethodWorker.java:109)
at org.testng.TestRunner.privateRun(TestRunner.java:648)
at org.testng.TestRunner.run(TestRunner.java:505)
at org.testng.SuiteRunner.runTest(SuiteRunner.java:455)
at org.testng.SuiteRunner.runSequentially(SuiteRunner.java:450)
at org.testng.SuiteRunner.privateRun(SuiteRunner.java:415)
at org.testng.SuiteRunner.run(SuiteRunner.java:364)
at org.testng.SuiteRunnerWorker.runSuite(SuiteRunnerWorker.java:52)
at org.testng.SuiteRunnerWorker.run(SuiteRunnerWorker.java:84)
at org.testng.TestNG.runSuitesSequentially(TestNG.java:1208)
at org.testng.TestNG.runSuitesLocally(TestNG.java:1137)
at org.testng.TestNG.runSuites(TestNG.java:1049)
at org.testng.TestNG.run(TestNG.java:1017)
at org.testng.remote.AbstractRemoteTestNG.run(AbstractRemoteTestNG.java:114)
at org.testng.remote.RemoteTestNG.initAndRun(RemoteTestNG.java:251)
at org.testng.remote.RemoteTestNG.main(RemoteTestNG.java:77)
]]>
            </full-stacktrace>
          </exception> <!-- java.lang.NullPointerException -->
          <reporter-output>
          </reporter-output>
        </test-method> <!-- validateSuccessPage -->
        <test-method status="PASS" signature="tearDown()[pri:0, instance:com.qa.TestCases.TC_NewCustomerSuccesPage_004@23fe1d71]" name="tearDown" is-config="true" duration-ms="93" started-at="2018-09-08T06:57:59Z" finished-at="2018-09-08T06:57:59Z">
          <reporter-output>
          </reporter-output>
        </test-method> <!-- tearDown -->
      </class> <!-- com.qa.TestCases.TC_NewCustomerSuccesPage_004 -->
      <class name="com.qa.TestCases.TC_AddCustomerTest_003">
        <test-method status="PASS" signature="Setup(java.lang.String)[pri:0, instance:com.qa.TestCases.TC_AddCustomerTest_003@74a10858]" name="Setup" is-config="true" duration-ms="8354" started-at="2018-09-08T06:57:31Z" finished-at="2018-09-08T06:57:40Z">
          <params>
            <param index="0">
              <value>
                <![CDATA[chrome]]>
              </value>
            </param>
          </params>
          <reporter-output>
          </reporter-output>
        </test-method> <!-- Setup -->
        <test-method status="PASS" signature="AddnewCustomerPageTest()[pri:0, instance:com.qa.TestCases.TC_AddCustomerTest_003@74a10858]" name="AddnewCustomerPageTest" duration-ms="8927" started-at="2018-09-08T06:57:40Z" finished-at="2018-09-08T06:57:48Z">
          <reporter-output>
          </reporter-output>
        </test-method> <!-- AddnewCustomerPageTest -->
        <test-method status="PASS" signature="tearDown()[pri:0, instance:com.qa.TestCases.TC_AddCustomerTest_003@74a10858]" name="tearDown" is-config="true" duration-ms="145" started-at="2018-09-08T06:57:48Z" finished-at="2018-09-08T06:57:49Z">
          <reporter-output>
          </reporter-output>
        </test-method> <!-- tearDown -->
      </class> <!-- com.qa.TestCases.TC_AddCustomerTest_003 -->
    </test> <!-- Bank App Test -->
  </suite> <!-- Inetbanking -->
</testng-results>
